<component name="libraryTable">
  <library name="junit-4.13">
    <CLASSES>
      <root url="jar://D:/JAVA/maven/repository/com/alibaba/druid/1.1.22/druid-1.1.22.jar!/" />
      <root url="file://D:/JAVA/maven/repository/org/junit" />
    </CLASSES>
    <JAVADOC />
    <SOURCES>
      <root url="jar://D:/JAVA/maven/repository/com/alibaba/druid/1.1.22/druid-1.1.22-sources.jar!/" />
    </SOURCES>
  </library>
</component>